2025-04-13T18:11:22.652Z - ❌ Failed to add SuperAdmin ykay@gmail.com: Operation `users.findOne()` buffering timed out after 10000ms
2025-04-13T18:11:32.658Z - ❌ Failed to add SuperAdmin oreoluwasmith@gmail.com: Operation `users.findOne()` buffering timed out after 10000ms
2025-04-13T18:11:42.674Z - ❌ Failed to add SuperAdmin hello@yemi.dev: Operation `users.findOne()` buffering timed out after 10000ms
2025-04-13T18:24:50.516Z - ❌ Failed to add SuperAdmin ykay@gmail.com: Operation `users.findOne()` buffering timed out after 10000ms
2025-04-13T18:25:00.534Z - ❌ Failed to add SuperAdmin oreoluwasmith@gmail.com: Operation `users.findOne()` buffering timed out after 10000ms
2025-04-13T18:25:10.550Z - ❌ Failed to add SuperAdmin hello@yemi.dev: Operation `users.findOne()` buffering timed out after 10000ms
2025-04-13T18:31:16.120Z - ❌ Failed to add SuperAdmin ykay@gmail.com: Operation `users.findOne()` buffering timed out after 10000ms
2025-04-13T18:49:50.552Z - ❌ Failed to add SuperAdmin ykay@gmail.com: Operation `users.findOne()` buffering timed out after 10000ms
2025-04-13T19:15:53.615Z - ❌ Failed to add SuperAdmin ykay@gmail.com: User validation failed: password: Password must contain uppercase, lowercase, number, and special character.
2025-04-13T19:15:53.855Z - ❌ Failed to add SuperAdmin oreoluwasmith@gmail.com: User validation failed: password: Password must contain uppercase, lowercase, number, and special character.
2025-04-13T19:15:54.124Z - ❌ Failed to add SuperAdmin hello@yemi.dev: User validation failed: password: Password must contain uppercase, lowercase, number, and special character.
2025-04-13T19:17:20.097Z - ❌ Failed to add SuperAdmin hello@yemi.dev: User validation failed: password: Password must contain uppercase, lowercase, number, and special character.
2025-04-13T19:18:03.863Z - SuperAdmin created: hello@yemi.dev (oduyemi)
2025-04-21T11:42:02.245Z - ❌ Failed to add SuperAdmin hello@yemi.dev: Operation `users.findOne()` buffering timed out after 10000ms
2025-04-21T11:47:49.518Z - ❌ Failed to add SuperAdmin hello@yemi.dev: Operation `users.findOne()` buffering timed out after 10000ms
2025-04-21T11:48:13.439Z - ❌ Failed to add SuperAdmin hello@yemi.dev: User validation failed: password: Password must contain uppercase, lowercase, number, and special character.
2025-04-21T11:49:47.549Z - ❌ Failed to add SuperAdmin hello@yemi.dev: User validation failed: password: Password must contain uppercase, lowercase, number, and special character.
2025-04-21T11:50:54.932Z - ❌ Failed to add SuperAdmin hello@yemi.dev: User validation failed: password: Password must contain uppercase, lowercase, number, and special character.
2025-04-21T11:51:36.393Z - ❌ Failed to add SuperAdmin hello@yemi.dev: User validation failed: password: Password must contain uppercase, lowercase, number, and special character.
2025-04-21T11:51:48.083Z - ❌ Failed to add SuperAdmin hello@yemi.dev: User validation failed: password: Password must contain uppercase, lowercase, number, and special character.
2025-04-21T11:52:38.517Z - ❌ Failed to add SuperAdmin hello@yemi.dev: User validation failed: password: Password must contain uppercase, lowercase, number, and special character.
2025-04-21T11:53:15.481Z - ❌ Failed to add SuperAdmin hello@yemi.dev: User validation failed: password: Password must contain uppercase, lowercase, number, and special character.
2025-04-21T11:56:56.423Z - SuperAdmin created: hello@yemi.dev (oduyemi)
2025-04-21T14:01:29.504Z - SuperAdmin created: hello@yemi.dev (oduyemi)
2025-04-29T13:25:02.801Z - SuperAdmin created: hello@yemi.dev (oduyemi)
2025-04-29T13:31:05.691Z - SuperAdmin created: hello@yemi.dev (oduyemi)
